2018-07-17 00:08:12.084 [main] DEBUG com.imooc.o2o.dao.ShopDao.updateShop - ==>  Preparing: update tb_shop SET shop_desc=?, shop_addr=?, last_edit_time=? where shop_id=? 
2018-07-17 00:08:12.142 [main] DEBUG com.imooc.o2o.dao.ShopDao.updateShop - ==> Parameters: 测试描述(String), 测试地址(String), 2018-07-17 00:08:11.619(Timestamp), 1(Long)
2018-07-17 00:08:12.144 [main] DEBUG com.imooc.o2o.dao.ShopDao.updateShop - <==    Updates: 1
2018-07-17 00:08:12.148 [main] DEBUG com.imooc.o2o.dao.ShopDao.insertShop - ==>  Preparing: INSERT INTO tb_shop(owner_id, area_id, shop_category_id, shop_name, shop_desc, shop_addr, phone, shop_img, priority, create_time, last_edit_time, enable_status, advice) VALUES (?,?,?,?, ?,?,?,?,?, ?,?, ?,?) 
2018-07-17 00:08:12.154 [main] DEBUG com.imooc.o2o.dao.ShopDao.insertShop - ==> Parameters: 1(Long), 2(Integer), 10(Long), 测试的店铺(String), test(String), test(String), test(String), test(String), null, 2018-07-17 00:08:12.148(Timestamp), null, 0(Integer), 审核中(String)
2018-07-17 00:08:12.155 [main] DEBUG com.imooc.o2o.dao.ShopDao.insertShop - <==    Updates: 1
2018-07-17 00:08:47.501 [main] DEBUG com.imooc.o2o.dao.ShopDao.updateShop - ==>  Preparing: update tb_shop SET shop_desc=?, shop_addr=?, last_edit_time=? where shop_id=? 
2018-07-17 00:08:47.556 [main] DEBUG com.imooc.o2o.dao.ShopDao.updateShop - ==> Parameters: 测试描述(String), 测试地址(String), 2018-07-17 00:08:47.007(Timestamp), 1(Long)
2018-07-17 00:08:47.559 [main] DEBUG com.imooc.o2o.dao.ShopDao.updateShop - <==    Updates: 1
2018-07-17 00:08:47.563 [main] DEBUG com.imooc.o2o.dao.ShopDao.insertShop - ==>  Preparing: INSERT INTO tb_shop(owner_id, area_id, shop_category_id, shop_name, shop_desc, shop_addr, phone, shop_img, priority, create_time, last_edit_time, enable_status, advice) VALUES (?,?,?,?, ?,?,?,?,?, ?,?, ?,?) 
2018-07-17 00:08:47.572 [main] DEBUG com.imooc.o2o.dao.ShopDao.insertShop - ==> Parameters: 1(Long), 2(Integer), 10(Long), 测试的店铺(String), test(String), test(String), test(String), test(String), null, 2018-07-17 00:08:47.563(Timestamp), null, 0(Integer), 审核中(String)
2018-07-17 00:08:47.574 [main] DEBUG com.imooc.o2o.dao.ShopDao.insertShop - <==    Updates: 1
2018-07-17 00:16:32.926 [main] DEBUG com.imooc.o2o.dao.ShopDao.updateShop - ==>  Preparing: update tb_shop SET shop_desc=?, shop_addr=?, last_edit_time=? where shop_id=? 
2018-07-17 00:16:32.972 [main] DEBUG com.imooc.o2o.dao.ShopDao.updateShop - ==> Parameters: 测试描述(String), 测试地址(String), 2018-07-17 00:16:32.445(Timestamp), 1(Long)
2018-07-17 00:16:32.975 [main] DEBUG com.imooc.o2o.dao.ShopDao.updateShop - <==    Updates: 1
2018-07-17 00:16:32.979 [main] DEBUG com.imooc.o2o.dao.ShopDao.insertShop - ==>  Preparing: INSERT INTO tb_shop(owner_id, area_id, shop_category_id, shop_name, shop_desc, shop_addr, phone, shop_img, priority, create_time, last_edit_time, enable_status, advice) VALUES (?,?,?,?, ?,?,?,?,?, ?,?, ?,?) 
2018-07-17 00:16:32.985 [main] DEBUG com.imooc.o2o.dao.ShopDao.insertShop - ==> Parameters: 1(Long), 2(Integer), 10(Long), 测试的店铺(String), test(String), test(String), test(String), test(String), null, 2018-07-17 00:16:32.979(Timestamp), null, 0(Integer), 审核中(String)
2018-07-17 00:16:32.986 [main] DEBUG com.imooc.o2o.dao.ShopDao.insertShop - <==    Updates: 1
2018-07-17 16:21:20.154 [main] DEBUG com.imooc.o2o.dao.AreaDao.queryArea - ==>  Preparing: SELECT area_id, area_name, priority, create_time, last_edit_time FROM tb_area ORDER BY priority DESC 
2018-07-17 16:21:20.192 [main] DEBUG com.imooc.o2o.dao.AreaDao.queryArea - ==> Parameters: 
2018-07-17 16:21:20.212 [main] DEBUG com.imooc.o2o.dao.AreaDao.queryArea - <==      Total: 2
2018-07-17 16:21:31.844 [main] DEBUG com.imooc.o2o.dao.HeadLineDao.findAllHeadLines - ==>  Preparing: SELECT tb_head_line.line_link, tb_head_line.line_img, tb_head_line.line_name FROM tb_head_line ORDER BY priority DESC 
2018-07-17 16:21:31.871 [main] DEBUG com.imooc.o2o.dao.HeadLineDao.findAllHeadLines - ==> Parameters: 
2018-07-17 16:21:31.890 [main] DEBUG com.imooc.o2o.dao.HeadLineDao.findAllHeadLines - <==      Total: 4
2018-07-17 16:21:41.961 [main] DEBUG c.imooc.o2o.dao.ShopCategoryDao.queryShopCategory - ==>  Preparing: SELECT shop_category_id, shop_category_name, shop_category_desc, shop_category_img, priority, create_time, last_edit_time, parent_id FROM tb_shop_category WHERE parent_id is null ORDER BY priority DESC 
2018-07-17 16:21:42.004 [main] DEBUG c.imooc.o2o.dao.ShopCategoryDao.queryShopCategory - ==> Parameters: 
2018-07-17 16:21:42.026 [main] DEBUG c.imooc.o2o.dao.ShopCategoryDao.queryShopCategory - <==      Total: 6
2018-07-17 16:21:42.036 [main] DEBUG c.imooc.o2o.dao.ShopCategoryDao.queryShopCategory - ==>  Preparing: SELECT shop_category_id, shop_category_name, shop_category_desc, shop_category_img, priority, create_time, last_edit_time, parent_id FROM tb_shop_category WHERE parent_id is not null ORDER BY priority DESC 
2018-07-17 16:21:42.036 [main] DEBUG c.imooc.o2o.dao.ShopCategoryDao.queryShopCategory - ==> Parameters: 
2018-07-17 16:21:42.044 [main] DEBUG c.imooc.o2o.dao.ShopCategoryDao.queryShopCategory - <==      Total: 15
2018-07-17 16:21:42.054 [main] DEBUG c.imooc.o2o.dao.ShopCategoryDao.queryShopCategory - ==>  Preparing: SELECT shop_category_id, shop_category_name, shop_category_desc, shop_category_img, priority, create_time, last_edit_time, parent_id FROM tb_shop_category WHERE parent_id is not null and parent_id = ? ORDER BY priority DESC 
2018-07-17 16:21:42.054 [main] DEBUG c.imooc.o2o.dao.ShopCategoryDao.queryShopCategory - ==> Parameters: 12(Long)
2018-07-17 16:21:42.057 [main] DEBUG c.imooc.o2o.dao.ShopCategoryDao.queryShopCategory - <==      Total: 5
2018-07-17 16:22:04.117 [main] DEBUG com.imooc.o2o.dao.ShopDao.updateShop - ==>  Preparing: update tb_shop SET shop_desc=?, shop_addr=?, last_edit_time=? where shop_id=? 
2018-07-17 16:22:04.154 [main] DEBUG com.imooc.o2o.dao.ShopDao.updateShop - ==> Parameters: testing desc(String), testing addr(String), 2018-07-17 16:22:03.648(Timestamp), 1(Long)
2018-07-17 16:22:04.158 [main] DEBUG com.imooc.o2o.dao.ShopDao.updateShop - <==    Updates: 1
2018-07-17 16:22:04.161 [main] DEBUG com.imooc.o2o.dao.ShopDao.insertShop - ==>  Preparing: INSERT INTO tb_shop(owner_id, area_id, shop_category_id, shop_name, shop_desc, shop_addr, phone, shop_img, priority, create_time, last_edit_time, enable_status, advice) VALUES (?,?,?,?, ?,?,?,?,?, ?,?, ?,?) 
2018-07-17 16:22:04.168 [main] DEBUG com.imooc.o2o.dao.ShopDao.insertShop - ==> Parameters: 1(Long), 2(Integer), 10(Long), 测试中(String), testing desc(String), testing addr(String), 123(String), nothing(String), null, 2018-07-17 16:22:04.161(Timestamp), null, 0(Integer), 审核中(String)
2018-07-17 16:22:04.169 [main] DEBUG com.imooc.o2o.dao.ShopDao.insertShop - <==    Updates: 1
2018-07-17 16:22:28.549 [main] DEBUG com.imooc.o2o.dao.HeadLineDao.findAllHeadLines - ==>  Preparing: SELECT tb_head_line.line_link, tb_head_line.line_img, tb_head_line.line_name FROM tb_head_line ORDER BY priority DESC 
2018-07-17 16:22:28.589 [main] DEBUG com.imooc.o2o.dao.HeadLineDao.findAllHeadLines - ==> Parameters: 
2018-07-17 16:22:28.607 [main] DEBUG com.imooc.o2o.dao.HeadLineDao.findAllHeadLines - <==      Total: 4
2018-07-17 16:22:42.278 [main] DEBUG com.imooc.o2o.dao.AreaDao.queryArea - ==>  Preparing: SELECT area_id, area_name, priority, create_time, last_edit_time FROM tb_area ORDER BY priority DESC 
2018-07-17 16:22:42.307 [main] DEBUG com.imooc.o2o.dao.AreaDao.queryArea - ==> Parameters: 
2018-07-17 16:22:42.325 [main] DEBUG com.imooc.o2o.dao.AreaDao.queryArea - <==      Total: 2
2018-07-17 16:23:26.779 [main] DEBUG c.imooc.o2o.dao.ShopCategoryDao.queryShopCategory - ==>  Preparing: SELECT shop_category_id, shop_category_name, shop_category_desc, shop_category_img, priority, create_time, last_edit_time, parent_id FROM tb_shop_category WHERE parent_id is null ORDER BY priority DESC 
2018-07-17 16:23:26.819 [main] DEBUG c.imooc.o2o.dao.ShopCategoryDao.queryShopCategory - ==> Parameters: 
2018-07-17 16:23:26.841 [main] DEBUG c.imooc.o2o.dao.ShopCategoryDao.queryShopCategory - <==      Total: 6
2018-07-17 16:23:26.854 [main] DEBUG c.imooc.o2o.dao.ShopCategoryDao.queryShopCategory - ==>  Preparing: SELECT shop_category_id, shop_category_name, shop_category_desc, shop_category_img, priority, create_time, last_edit_time, parent_id FROM tb_shop_category WHERE parent_id is not null ORDER BY priority DESC 
2018-07-17 16:23:26.854 [main] DEBUG c.imooc.o2o.dao.ShopCategoryDao.queryShopCategory - ==> Parameters: 
2018-07-17 16:23:26.863 [main] DEBUG c.imooc.o2o.dao.ShopCategoryDao.queryShopCategory - <==      Total: 15
2018-07-17 16:23:26.872 [main] DEBUG c.imooc.o2o.dao.ShopCategoryDao.queryShopCategory - ==>  Preparing: SELECT shop_category_id, shop_category_name, shop_category_desc, shop_category_img, priority, create_time, last_edit_time, parent_id FROM tb_shop_category WHERE parent_id is not null and parent_id = ? ORDER BY priority DESC 
2018-07-17 16:23:26.872 [main] DEBUG c.imooc.o2o.dao.ShopCategoryDao.queryShopCategory - ==> Parameters: 12(Long)
2018-07-17 16:23:26.875 [main] DEBUG c.imooc.o2o.dao.ShopCategoryDao.queryShopCategory - <==      Total: 5
2018-07-17 16:24:03.202 [main] DEBUG com.imooc.o2o.dao.ShopDao.insertShop - ==>  Preparing: INSERT INTO tb_shop(owner_id, area_id, shop_category_id, shop_name, shop_desc, shop_addr, phone, shop_img, priority, create_time, last_edit_time, enable_status, advice) VALUES (?,?,?,?, ?,?,?,?,?, ?,?, ?,?) 
2018-07-17 16:24:03.240 [main] DEBUG com.imooc.o2o.dao.ShopDao.insertShop - ==> Parameters: 1(Long), 2(Integer), 10(Long), Endless Testing(String), Testing Testing(String), Testing Here(String), none(String), null, null, 2018-07-17 16:24:03.176(Timestamp), 2018-07-17 16:24:03.176(Timestamp), 0(Integer), 审核中(String)
2018-07-17 16:24:03.241 [main] DEBUG com.imooc.o2o.dao.ShopDao.insertShop - <==    Updates: 1
2018-07-17 16:24:03.248 [main] DEBUG com.imooc.o2o.util.ImageUtil - current relativeAddr is :\upload\images\item\shop\62\2018071716240394243.jpg
2018-07-17 16:24:03.249 [main] DEBUG com.imooc.o2o.util.ImageUtil - current complete addr is :C:\Users\Blean\Workspaces\MyEclipse 2015\o2o\src\main\webapp\upload\images\item\shop\62\2018071716240394243.jpg
2018-07-17 16:24:03.249 [main] DEBUG com.imooc.o2o.util.ImageUtil - basePath is :/C:/Users/Blean/Workspaces/MyEclipse 2015/o2o reg/target/test-classes/
2018-07-17 16:24:03.561 [main] DEBUG com.imooc.o2o.dao.ShopDao.updateShop - ==>  Preparing: update tb_shop SET shop_name=?, shop_desc=?, shop_addr=?, phone=?, shop_img=?, last_edit_time=?, enable_status=?, advice=?, area_id=?, shop_category_id=? where shop_id=? 
2018-07-17 16:24:03.561 [main] DEBUG com.imooc.o2o.dao.ShopDao.updateShop - ==> Parameters: Endless Testing(String), Testing Testing(String), Testing Here(String), none(String), /upload/images/item/shop/62/2018071716240394243.jpg(String), 2018-07-17 16:24:03.176(Timestamp), 0(Integer), 审核中(String), 2(Integer), 10(Long), 62(Long)
2018-07-17 16:24:03.562 [main] DEBUG com.imooc.o2o.dao.ShopDao.updateShop - <==    Updates: 1
